Terminals unused in grammar

    NOSQL
    CONTAINSQL
    READSQL
    MODIFYSQL
    RESETVIOLATION
    CHECKVIOLATION
    NoAutoXact
    CREATECONTEXT
    CURRENTCONTEXT
    SWITCHCONTEXT
    DELETECONTEXT
    RESETCONTEXT
    ADDtoken
    BACKSLASH
    CANCEL
    CLASStoken
    COPY
    DISPLAY_QUERYID
    DISPLAY_QC
    DISPLAY_QC_ENTRIES
    DISPLAY_QC_ENTRIES_NOTIME
    DISPLAY_USE_OF
    EDIT
    MXCI_TOK_ENV
    FIRST
    FC
    FILEtoken
    FILEINFO
    FILENAMES
    FILES
    HISTORY
    HYPHEN
    INFOtoken
    INtoken
    LISTCOUNT
    LISTMODULES
    MAPtoken
    MIGRATE
    MODIFYV
    NEXT
    NOEtoken
    OBEY
    OBJECTtoken
    OFtoken
    QUIESCE
    REPEAT
    REPORT
    RPAREN
    SETENV
    SQLINFO
    SQLNAMES
    STOREtoken
    SYNTAX
    SYSTEMtoken
    EXAMPLE
    USERtoken
    TENANTtoken
    VALIDATE
    VERBOSE
    VERIFY
    VERSIONtoken
    DEFINEtoken
    PREPARED
    LS
    CD
    SH
    SHELL
    REPOSITORYtoken
    WORK
    SQLCI_CMD
    SQL_STMT
    UTIL_STMT
    EXIT_STMT
    ERROR_STMT
    SHELL_CMD
    BACKUPS
    WITHOUT


State 18 conflicts: 1 reduce/reduce


Grammar

    0 $accept: statement $end

    1 statement: sqlci_cmd
    2          | sql_cmd

    3 sqlci_cmd: MODE SQL

    4 $@1: %empty

    5 sqlci_cmd: LOG IDENTIFIER commands_only $@1 CLEAR
    6          | LOG IDENTIFIER commands_only

    7 $@2: %empty

    8 sqlci_cmd: LOG FILENAME commands_only $@2 CLEAR
    9          | LOG FILENAME commands_only
   10          | LOG
   11          | EXIT
   12          | ERRORtoken NUMBER
   13          | ERRORtoken NUMBER COMMA BRIEF
   14          | ERRORtoken NUMBER COMMA DETAIL
   15          | SUBERRORtoken HBASEtoken NUMBER
   16          | SUBERRORtoken TMtoken NUMBER
   17          | SETtoken PARAM PARAM_NAME
   18          | SETtoken SQ_LINUX_PATTERN PATTERN_NAME
   19          | SETtoken PATTERN_AS_IS PATTERN_NAME
   20          | SETtoken SHOWSHAPE ON
   21          | SETtoken SHOWSHAPE OFF

   22 $@3: %empty

   23 sqlci_cmd: SETtoken SHOWSHAPE INFILE FILENAME $@3 OUTFILE FILENAME
   24          | SETtoken STATISTICS OFF
   25          | SETtoken STATISTICS ON
   26          | SETtoken STATISTICS PERTABLEtoken
   27          | SETtoken STATISTICS PROGRESStoken
   28          | SETtoken STATISTICS DEFAULTtoken
   29          | SETtoken STATISTICS ALLtoken
   30          | SETtoken STATISTICS ON COMMA GETtoken STATISTICS
   31          | SETtoken STATISTICS ON COMMA GETtoken STATISTICS COMMA OPTIONStoken QUOTED_STRING
   32          | SETtoken TERMINAL_CHARSET IDENTIFIER
   33          | SETtoken ISO_MAPPING IDENTIFIER
   34          | SETtoken DEFAULT_CHARSETtoken IDENTIFIER
   35          | SETtoken INFER_CHARSET NUMBER
   36          | SETtoken INFER_CHARSET IDENTIFIER
   37          | SETtoken INFER_CHARSET ON
   38          | SETtoken INFER_CHARSET OFF
   39          | RESET PARAM PARAM_NAME
   40          | RESET SQ_LINUX_PATTERN PATTERN_NAME
   41          | RESET reset_type_
   42          | WAITtoken
   43          | SLEEPtoken NUMBER

   44 commands_only: COMMANDStoken
   45              | empty

   46 empty: %empty

   47 reset_type_: PARAM

   48 stats_active_clause: ACTIVEtoken NUMBER
   49                    | ALLtoken
   50                    | empty

   51 stats_merge_clause: ACCUMULATEDtoken
   52                   | PERTABLEtoken
   53                   | PROGRESStoken
   54                   | DEFAULTtoken
   55                   | empty

   56 qid_identifier: IDENTIFIER
   57               | DQUOTED_STRING

   58 sql_cmd: dml_type

   59 $@4: %empty

   60 $@5: %empty

   61 sql_cmd: DECLAREtoken IDENTIFIER $@4 CURSORWITH HOLD FORtoken $@5 dml_simple_table_type

   62 $@6: %empty

   63 $@7: %empty

   64 sql_cmd: DECLAREtoken IDENTIFIER $@6 CURSORtoken FORtoken $@7 cursor_info
   65        | OPENtoken IDENTIFIER
   66        | FETCHtoken IDENTIFIER
   67        | CLOSEtoken IDENTIFIER
   68        | DEALLOCtoken IDENTIFIER

   69 $@8: %empty

   70 $@9: %empty

   71 sql_cmd: PREPAREtoken IDENTIFIER $@8 FROM $@9 dml_type
   72        | DESCRIBEToken STATEMENTtoken IDENTIFIER
   73        | EXECUTEtoken IDENTIFIER

   74 $@10: %empty

   75 sql_cmd: EXECUTEtoken IDENTIFIER $@10 USING
   76        | EXECUTEtoken
   77        | DISPLAY_EXPLAIN explain_options IDENTIFIER
   78        | DISPLAY_EXPLAIN explain_options PROCEDUREtoken
   79        | DISPLAY_EXPLAIN explain_options dml_type
   80        | DISPLAY_STATISTICS
   81        | DISPLAY_STATISTICS IDENTIFIER

   82 $@11: %empty

   83 $@12: %empty

   84 sql_cmd: DISPLAY_STATISTICS FORtoken CPU NUMBER $@11 stats_active_clause $@12 stats_merge_clause

   85 $@13: %empty

   86 $@14: %empty

   87 sql_cmd: DISPLAY_STATISTICS FORtoken CPU CPU_VALUE $@13 stats_active_clause $@14 stats_merge_clause

   88 $@15: %empty

   89 $@16: %empty

   90 $@17: %empty

   91 sql_cmd: DISPLAY_STATISTICS FORtoken PID NUMBER $@15 COMMA NUMBER $@16 stats_active_clause $@17 stats_merge_clause

   92 $@18: %empty

   93 $@19: %empty

   94 sql_cmd: DISPLAY_STATISTICS FORtoken PID PID_VALUE $@18 stats_active_clause $@19 stats_merge_clause

   95 $@20: %empty

   96 sql_cmd: DISPLAY_STATISTICS FORtoken QID qid_identifier $@20 stats_merge_clause

   97 $@21: %empty

   98 sql_cmd: DISPLAY $@21 dml_type
   99        | GETtoken
  100        | GETSTATISTICStoken
  101        | GETtoken UIDtoken
  102        | SHOW ENVVARtoken
  103        | SETtoken PARSERFLAGS NUMBER
  104        | RESET PARSERFLAGS NUMBER
  105        | RESET PARSERFLAGS
  106        | ERRORtoken NUMBER COMMA GETtoken

  107 optional_rs_index: empty
  108                  | RESULT SETtoken NUMBER

  109 cursor_info: dml_simple_table_type

  110 $@22: %empty

  111 cursor_info: IDENTIFIER $@22 optional_rs_index

  112 dml_type: dml_simple_table_type
  113         | CONTROL
  114         | OSIM
  115         | SETtoken CATALOG
  116         | SETtoken SCHEMA
  117         | SETtoken HIVEtoken
  118         | SETtoken MPLOC
  119         | SETtoken NAMETYPE
  120         | SETtoken SESSIONtoken
  121         | UPDATEtoken
  122         | INSERTtoken
  123         | UPSERTtoken
  124         | ROWSETtoken
  125         | DELETEtoken
  126         | MERGEtoken
  127         | CREATE
  128         | ALTER
  129         | CLEANUP
  130         | DROP
  131         | UPD_STATS
  132         | UPD_HIST_STATS
  133         | METADATAtoken
  134         | INITIALIZE
  135         | REINITIALIZE
  136         | GIVE
  137         | GRANTtoken
  138         | REVOKEtoken
  139         | REGISTER
  140         | UNREGISTER
  141         | BACKUP
  142         | RESTORE
  143         | DUMP
  144         | EXPORTtoken
  145         | IMPORTtoken
  146         | SHOW
  147         | SHOWCONTROL
  148         | SHOWENV
  149         | SHOWINFO
  150         | SHOWDDL
  151         | DESCRIBEToken
  152         | SHOWSTATS
  153         | SHOWTRANSACTION
  154         | DESC
  155         | DESCRIBE
  156         | INVOKE
  157         | SHOW CACHE
  158         | SHOWPLAN
  159         | SHOWSHAPE
  160         | SHOWSET
  161         | LOCK
  162         | UNLOCK
  163         | TOK_BEGIN
  164         | COMMIT
  165         | ROLLBACK
  166         | SET_TABLEtoken
  167         | SET_TRANSACTIONtoken
  168         | MODIFY
  169         | IF
  170         | WHILE
  171         | SIGNAL
  172         | INTERNAL
  173         | MVLOG
  174         | PURGEDATA
  175         | TRUNCATE
  176         | WITH
  177         | POPULATE
  178         | VALIDATEtoken
  179         | REFRESH
  180         | TRANSFORM
  181         | CALLToken
  182         | LOADtoken
  183         | MSCKtoken
  184         | EXTRACTtoken
  185         | REPLICATEtoken
  186         | GENERATEtoken
  187         | EXPLAIN
  188         | GETtoken
  189         | CHECK
  190         | PROCESStoken
  191         | COMMENTtoken
  192         | TOK_SAVEPOINT
  193         | TOK_RELEASE

  194 dml_simple_table_type: SELECTtoken
  195                      | TABLE
  196                      | VALUES
  197                      | LPAREN dml_simple_table_type
  198                      | LOCKINGtoken
  199                      | UNLOAD

  200 explain_options: empty
  201                | OPTIONStoken QUOTED_STRING


Terminals, with rules where they appear

    $end (0) 0
    error (256)
    NOSQL (258)
    CONTAINSQL (259)
    READSQL (260)
    MODIFYSQL (261)
    RESETVIOLATION (262)
    CHECKVIOLATION (263)
    NoAutoXact (264)
    DESCRIBEToken (265) 72 151
    CREATECONTEXT (266)
    CURRENTCONTEXT (267)
    SWITCHCONTEXT (268)
    DELETECONTEXT (269)
    RESETCONTEXT (270)
    ADDtoken (271)
    ALLtoken (272) 29 49
    BACKSLASH (273)
    BRIEF (274) 13
    DETAIL (275) 14
    CACHE (276) 157
    CANCEL (277)
    CLASStoken (278)
    CLEANUP (279) 129
    CLEAR (280) 5 8
    COMMA (281) 13 14 30 31 91 106
    COMMANDStoken (282) 44
    CONTROL (283) 113
    OSIM (284) 114
    COPY (285)
    CPU_VALUE <stringval_type> (286) 87
    ERRORtoken (287) 12 13 14 106
    SUBERRORtoken (288) 15 16
    HBASEtoken (289) 15
    TMtoken (290) 16
    DEFAULTtoken (291) 28 54
    DEFAULT_CHARSETtoken (292) 34
    DESC (293) 154
    DESCRIBE (294) 155
    DISPLAY (295) 98
    DISPLAY_STATISTICS (296) 80 81 84 87 91 94 96
    DISPLAY_QUERYID (297)
    DISPLAY_EXPLAIN (298) 77 78 79
    DISPLAY_QC (299)
    DISPLAY_QC_ENTRIES (300)
    DISPLAY_QC_ENTRIES_NOTIME (301)
    DISPLAY_USE_OF (302)
    EDIT (303)
    MXCI_TOK_ENV (304)
    EXIT (305) 11
    EXPLAIN (306) 187
    FIRST (307)
    FC (308)
    FILEtoken (309)
    FILEINFO (310)
    FILENAMES (311)
    FILES (312)
    GENERATEtoken (313) 186
    MERGEtoken (314) 126
    METADATAtoken (315) 133
    REPLICATEtoken (316) 185
    GETtoken (317) 30 31 99 101 106 188
    GETSTATISTICStoken (318) 100
    HISTORY (319)
    HYPHEN <stringval_type> (320)
    INFER_CHARSET (321) 35 36 37 38
    INFOtoken (322)
    INtoken (323)
    INFILE (324) 23
    SHOWENV (325) 148
    SHOWSTATS (326) 152
    SHOWTRANSACTION (327) 153
    INVOKE (328) 156
    LISTCOUNT (329)
    LISTMODULES (330)
    LOADtoken (331) 182
    EXTRACTtoken (332) 184
    LOCK (333) 161
    LOCKINGtoken (334) 198
    LPAREN (335) 197
    MAPtoken (336)
    MIGRATE (337)
    MODE (338) 3
    MODIFY (339) 168
    MODIFYV (340)
    MSCKtoken (341) 183
    NEXT (342)
    NOEtoken (343)
    OBEY (344)
    OBJECTtoken (345)
    OFtoken (346)
    OFF (347) 21 24 38
    ON (348) 20 25 30 31 37
    OPTIONStoken (349) 31 201
    ISO_MAPPING (350) 33
    OUTFILE (351) 23
    PARAM (352) 17 39 47
    PARSERFLAGS (353) 103 104 105
    SQ_LINUX_PATTERN (354) 18 40
    PATTERN_AS_IS (355) 19
    PID_VALUE <stringval_type> (356) 94
    PROCEDUREtoken (357) 78
    PURGEDATA (358) 174
    POPULATE (359) 177
    VALIDATEtoken (360) 178
    QUIESCE (361)
    REFRESH (362) 179
    REPEAT (363)
    REPORT (364)
    RESET (365) 39 40 41 104 105
    RESULT (366) 108
    RPAREN (367)
    SETtoken (368) 17 18 19 20 21 23 24 25 26 27 28 29 30 31 32 33 34 35 36 37 38 103 108 115 116 117 118 119 120
    SETENV (369)
    SHOW (370) 102 146 157
    SHOWCONTROL (371) 147
    SHOWINFO (372) 149
    SHOWDDL (373) 150
    SHOWPLAN (374) 158
    SHOWSHAPE (375) 20 21 23 159
    SHOWSET (376) 160
    SLEEPtoken (377) 43
    SQL (378) 3
    SQLINFO (379)
    SQLNAMES (380)
    STATEMENTtoken (381) 72
    STOREtoken (382)
    SYNTAX (383)
    SYSTEMtoken (384)
    EXAMPLE (385)
    STATISTICS (386) 24 25 26 27 28 29 30 31
    SET_TABLEtoken (387) 166
    SET_TRANSACTIONtoken (388) 167
    TERMINAL_CHARSET (389) 32
    TRANSFORM (390) 180
    TRUNCATE (391) 175
    WITH (392) 176
    UNLOCK (393) 162
    UPD_STATS (394) 131
    UPD_HIST_STATS (395) 132
    USERtoken (396)
    TENANTtoken (397)
    USING (398) 75
    TABLE (399) 195
    VALUES (400) 196
    VALIDATE (401)
    VERBOSE (402)
    VERIFY (403)
    VERSIONtoken (404)
    WAITtoken (405) 42
    DEFINEtoken (406)
    ENVVARtoken (407) 102
    PREPARED (408)
    SESSIONtoken (409) 120
    LOG (410) 5 6 8 9 10
    LS (411)
    CD (412)
    SH (413)
    SHELL (414)
    SELECTtoken (415) 194
    UPDATEtoken (416) 121
    INSERTtoken (417) 122
    DELETEtoken (418) 125
    UPSERTtoken (419) 123
    ROWSETtoken (420) 124
    REPOSITORYtoken (421)
    CREATE (422) 127
    ALTER (423) 128
    DROP (424) 130
    PREPAREtoken (425) 71
    EXECUTEtoken (426) 73 75 76
    FROM (427) 71
    DECLAREtoken (428) 61 64
    OPENtoken (429) 65
    CLOSEtoken (430) 67
    FETCHtoken (431) 66
    DEALLOCtoken (432) 68
    CURSORtoken (433) 64
    FORtoken (434) 61 64 84 87 91 94 96
    CPU (435) 84 87
    PID (436) 91 94
    QID (437) 96
    ACTIVEtoken (438) 48
    ACCUMULATEDtoken (439) 51
    PERTABLEtoken (440) 26 52
    PROGRESStoken (441) 27 53
    TOK_BEGIN (442) 163
    COMMIT (443) 164
    ROLLBACK (444) 165
    WORK (445)
    SQLCI_CMD (446)
    SQL_STMT (447)
    UTIL_STMT (448)
    EXIT_STMT (449)
    ERROR_STMT (450)
    SHELL_CMD (451)
    IDENTIFIER <stringval_type> (452) 5 6 32 33 34 36 56 61 64 65 66 67 68 71 72 73 75 77 81 111
    NUMBER <stringval_type> (453) 12 13 14 15 16 35 43 48 84 91 103 104 106 108
    PARAM_NAME <stringval_type> (454) 17 39
    PATTERN_NAME <stringval_type> (455) 18 19 40
    FILENAME <stringval_type> (456) 8 9 23
    QUOTED_STRING <stringval_type> (457) 31 201
    DQUOTED_STRING <stringval_type> (458) 57
    GRANTtoken (459) 137
    REVOKEtoken (460) 138
    REGISTER (461) 139
    UNREGISTER (462) 140
    GIVE (463) 136
    INITIALIZE (464) 134
    REINITIALIZE (465) 135
    CATALOG (466) 115
    SCHEMA (467) 116
    HIVEtoken (468) 117
    PROCESStoken (469) 190
    IF (470) 169
    WHILE (471) 170
    MPLOC (472) 118
    NAMETYPE (473) 119
    SIGNAL (474) 171
    UIDtoken (475) 101
    BACKUP (476) 141
    BACKUPS (477)
    RESTORE (478) 142
    DUMP (479) 143
    EXPORTtoken (480) 144
    IMPORTtoken (481) 145
    CURSORWITH (482) 61
    WITHOUT (483)
    HOLD (484) 61
    INTERNAL (485) 172
    MVLOG (486) 173
    UNLOAD (487) 199
    CALLToken (488) 181
    COMMENTtoken (489) 191
    CHECK (490) 189
    TOK_SAVEPOINT (491) 192
    TOK_RELEASE (492) 193


Nonterminals, with rules where they appear

    $accept (238)
        on left: 0
    statement (239)
        on left: 1 2
        on right: 0
    sqlci_cmd <sqlci_cmd_type> (240)
        on left: 3 5 6 8 9 10 11 12 13 14 15 16 17 18 19 20 21 23 24 25 26 27 28 29 30 31 32 33 34 35 36 37 38 39 40 41 42 43
        on right: 1
    $@1 (241)
        on left: 4
        on right: 5
    $@2 (242)
        on left: 7
        on right: 8
    $@3 (243)
        on left: 22
        on right: 23
    commands_only <intval_type> (244)
        on left: 44 45
        on right: 5 6 8 9
    empty (245)
        on left: 46
        on right: 45 50 55 107 200
    reset_type_ <reset_stmt_type_> (246)
        on left: 47
        on right: 41
    stats_active_clause <intval_type> (247)
        on left: 48 49 50
        on right: 84 87 91 94
    stats_merge_clause <intval_type> (248)
        on left: 51 52 53 54 55
        on right: 84 87 91 94 96
    qid_identifier <stringval_type> (249)
        on left: 56 57
        on right: 96
    sql_cmd <sql_cmd_type> (250)
        on left: 58 61 64 65 66 67 68 71 72 73 75 76 77 78 79 80 81 84 87 91 94 96 98 99 100 101 102 103 104 105 106
        on right: 2
    $@4 (251)
        on left: 59
        on right: 61
    $@5 (252)
        on left: 60
        on right: 61
    $@6 (253)
        on left: 62
        on right: 64
    $@7 (254)
        on left: 63
        on right: 64
    $@8 (255)
        on left: 69
        on right: 71
    $@9 (256)
        on left: 70
        on right: 71
    $@10 (257)
        on left: 74
        on right: 75
    $@11 (258)
        on left: 82
        on right: 84
    $@12 (259)
        on left: 83
        on right: 84
    $@13 (260)
        on left: 85
        on right: 87
    $@14 (261)
        on left: 86
        on right: 87
    $@15 (262)
        on left: 88
        on right: 91
    $@16 (263)
        on left: 89
        on right: 91
    $@17 (264)
        on left: 90
        on right: 91
    $@18 (265)
        on left: 92
        on right: 94
    $@19 (266)
        on left: 93
        on right: 94
    $@20 (267)
        on left: 95
        on right: 96
    $@21 (268)
        on left: 97
        on right: 98
    optional_rs_index <intval_type> (269)
        on left: 107 108
        on right: 111
    cursor_info <cursor_info_type_> (270)
        on left: 109 111
        on right: 64
    $@22 (271)
        on left: 110
        on right: 111
    dml_type <dml_stmt_type> (272)
        on left: 112 113 114 115 116 117 118 119 120 121 122 123 124 125 126 127 128 129 130 131 132 133 134 135 136 137 138 139 140 141 142 143 144 145 146 147 148 149 150 151 152 153 154 155 156 157 158 159 160 161 162 163 164 165 166 167 168 169 170 171 172 173 174 175 176 177 178 179 180 181 182 183 184 185 186 187 188 189 190 191 192 193
        on right: 58 71 79 98
    dml_simple_table_type <dml_stmt_type> (273)
        on left: 194 195 196 197 198 199
        on right: 61 109 112 197
    explain_options <stringval_type> (274)
        on left: 200 201
        on right: 77 78 79


State 0

    0 $accept: . statement $end

    DESCRIBEToken         shift, and go to state 1
    CLEANUP               shift, and go to state 2
    CONTROL               shift, and go to state 3
    OSIM                  shift, and go to state 4
    ERRORtoken            shift, and go to state 5
    SUBERRORtoken         shift, and go to state 6
    DESC                  shift, and go to state 7
    DESCRIBE              shift, and go to state 8
    DISPLAY               shift, and go to state 9
    DISPLAY_STATISTICS    shift, and go to state 10
    DISPLAY_EXPLAIN       shift, and go to state 11
    EXIT                  shift, and go to state 12
    EXPLAIN               shift, and go to state 13
    GENERATEtoken         shift, and go to state 14
    MERGEtoken            shift, and go to state 15
    METADATAtoken         shift, and go to state 16
    REPLICATEtoken        shift, and go to state 17
    GETtoken              shift, and go to state 18
    GETSTATISTICStoken    shift, and go to state 19
    SHOWENV               shift, and go to state 20
    SHOWSTATS             shift, and go to state 21
    SHOWTRANSACTION       shift, and go to state 22
    INVOKE                shift, and go to state 23
    LOADtoken             shift, and go to state 24
    EXTRACTtoken          shift, and go to state 25
    LOCK                  shift, and go to state 26
    LOCKINGtoken          shift, and go to state 27
    LPAREN                shift, and go to state 28
    MODE                  shift, and go to state 29
    MODIFY                shift, and go to state 30
    MSCKtoken             shift, and go to state 31
    PURGEDATA             shift, and go to state 32
    POPULATE              shift, and go to state 33
    VALIDATEtoken         shift, and go to state 34
    REFRESH               shift, and go to state 35
    RESET                 shift, and go to state 36
    SETtoken              shift, and go to state 37
    SHOW                  shift, and go to state 38
    SHOWCONTROL           shift, and go to state 39
    SHOWINFO              shift, and go to state 40
    SHOWDDL               shift, and go to state 41
    SHOWPLAN              shift, and go to state 42
    SHOWSHAPE             shift, and go to state 43
    SHOWSET               shift, and go to state 44
    SLEEPtoken            shift, and go to state 45
    SET_TABLEtoken        shift, and go to state 46
    SET_TRANSACTIONtoken  shift, and go to state 47
    TRANSFORM             shift, and go to state 48
    TRUNCATE              shift, and go to state 49
    WITH                  shift, and go to state 50
    UNLOCK                shift, and go to state 51
    UPD_STATS             shift, and go to state 52
    UPD_HIST_STATS        shift, and go to state 53
    TABLE                 shift, and go to state 54
    VALUES                shift, and go to state 55
    WAITtoken             shift, and go to state 56
    LOG                   shift, and go to state 57
    SELECTtoken           shift, and go to state 58
    UPDATEtoken           shift, and go to state 59
    INSERTtoken           shift, and go to state 60
    DELETEtoken           shift, and go to state 61
    UPSERTtoken           shift, and go to state 62
    ROWSETtoken           shift, and go to state 63
    CREATE                shift, and go to state 64
    ALTER                 shift, and go to state 65
    DROP                  shift, and go to state 66
    PREPAREtoken          shift, and go to state 67
    EXECUTEtoken          shift, and go to state 68
    DECLAREtoken          shift, and go to state 69
    OPENtoken             shift, and go to state 70
    CLOSEtoken            shift, and go to state 71
    FETCHtoken            shift, and go to state 72
    DEALLOCtoken          shift, and go to state 73
    TOK_BEGIN             shift, and go to state 74
    COMMIT                shift, and go to state 75
    ROLLBACK              shift, and go to state 76
    GRANTtoken            shift, and go to state 77
    REVOKEtoken           shift, and go to state 78
    REGISTER              shift, and go to state 79
    UNREGISTER            shift, and go to state 80
    GIVE                  shift, and go to state 81
    INITIALIZE            shift, and go to state 82
    REINITIALIZE          shift, and go to state 83
    PROCESStoken          shift, and go to state 84
    IF                    shift, and go to state 85
    WHILE                 shift, and go to state 86
    SIGNAL                shift, and go to state 87
    BACKUP                shift, and go to state 88
    RESTORE               shift, and go to state 89
    DUMP                  shift, and go to state 90
    EXPORTtoken           shift, and go to state 91
    IMPORTtoken           shift, and go to state 92
    INTERNAL              shift, and go to state 93
    MVLOG                 shift, and go to state 94
    UNLOAD                shift, and go to state 95
    CALLToken             shift, and go to state 96
    COMMENTtoken          shift, and go to state 97
    CHECK                 shift, and go to state 98
    TOK_SAVEPOINT         shift, and go to state 99
    TOK_RELEASE           shift, and go to state 100

    statement              go to state 101
    sqlci_cmd              go to state 102
    sql_cmd                go to state 103
    dml_type               go to state 104
    dml_simple_table_type  go to state 105


State 1

   72 sql_cmd: DESCRIBEToken . STATEMENTtoken IDENTIFIER
  151 dml_type: DESCRIBEToken .

    STATEMENTtoken  shift, and go to state 106

    $default  reduce using rule 151 (dml_type)


State 2

  129 dml_type: CLEANUP .

    $default  reduce using rule 129 (dml_type)


State 3

  113 dml_type: CONTROL .

    $default  reduce using rule 113 (dml_type)


State 4

  114 dml_type: OSIM .

    $default  reduce using rule 114 (dml_type)


State 5

   12 sqlci_cmd: ERRORtoken . NUMBER
   13          | ERRORtoken . NUMBER COMMA BRIEF
   14          | ERRORtoken . NUMBER COMMA DETAIL
  106 sql_cmd: ERRORtoken . NUMBER COMMA GETtoken

    NUMBER  shift, and go to state 107


State 6

   15 sqlci_cmd: SUBERRORtoken . HBASEtoken NUMBER
   16          | SUBERRORtoken . TMtoken NUMBER

    HBASEtoken  shift, and go to state 108
    TMtoken     shift, and go to state 109


State 7

  154 dml_type: DESC .

    $default  reduce using rule 154 (dml_type)


State 8

  155 dml_type: DESCRIBE .

    $default  reduce using rule 155 (dml_type)


State 9

   98 sql_cmd: DISPLAY . $@21 dml_type

    $default  reduce using rule 97 ($@21)

    $@21  go to state 110


State 10

   80 sql_cmd: DISPLAY_STATISTICS .
   81        | DISPLAY_STATISTICS . IDENTIFIER
   84        | DISPLAY_STATISTICS . FORtoken CPU NUMBER $@11 stats_active_clause $@12 stats_merge_clause
   87        | DISPLAY_STATISTICS . FORtoken CPU CPU_VALUE $@13 stats_active_clause $@14 stats_merge_clause
   91        | DISPLAY_STATISTICS . FORtoken PID NUMBER $@15 COMMA NUMBER $@16 stats_active_clause $@17 stats_merge_clause
   94        | DISPLAY_STATISTICS . FORtoken PID PID_VALUE $@18 stats_active_clause $@19 stats_merge_clause
   96        | DISPLAY_STATISTICS . FORtoken QID qid_identifier $@20 stats_merge_clause

    FORtoken    shift, and go to state 111
    IDENTIFIER  shift, and go to state 112

    $default  reduce using rule 80 (sql_cmd)


State 11

   77 sql_cmd: DISPLAY_EXPLAIN . explain_options IDENTIFIER
   78        | DISPLAY_EXPLAIN . explain_options PROCEDUREtoken
   79        | DISPLAY_EXPLAIN . explain_options dml_type

    OPTIONStoken  shift, and go to state 113

    $default  reduce using rule 46 (empty)

    empty            go to state 114
    explain_options  go to state 115


State 12

   11 sqlci_cmd: EXIT .

    $default  reduce using rule 11 (sqlci_cmd)


State 13

  187 dml_type: EXPLAIN .

    $default  reduce using rule 187 (dml_type)


State 14

  186 dml_type: GENERATEtoken .

    $default  reduce using rule 186 (dml_type)


State 15

  126 dml_type: MERGEtoken .

    $default  reduce using rule 126 (dml_type)


State 16

  133 dml_type: METADATAtoken .

    $default  reduce using rule 133 (dml_type)


State 17

  185 dml_type: REPLICATEtoken .

    $default  reduce using rule 185 (dml_type)


State 18

   99 sql_cmd: GETtoken .
  101        | GETtoken . UIDtoken
  188 dml_type: GETtoken .

    UIDtoken  shift, and go to state 116

    $end      reduce using rule 99 (sql_cmd)
    $end      [reduce using rule 188 (dml_type)]
    $default  reduce using rule 99 (sql_cmd)


State 19

  100 sql_cmd: GETSTATISTICStoken .

    $default  reduce using rule 100 (sql_cmd)


State 20

  148 dml_type: SHOWENV .

    $default  reduce using rule 148 (dml_type)


State 21

  152 dml_type: SHOWSTATS .

    $default  reduce using rule 152 (dml_type)


State 22

  153 dml_type: SHOWTRANSACTION .

    $default  reduce using rule 153 (dml_type)


State 23

  156 dml_type: INVOKE .

    $default  reduce using rule 156 (dml_type)


State 24

  182 dml_type: LOADtoken .

    $default  reduce using rule 182 (dml_type)


State 25

  184 dml_type: EXTRACTtoken .

    $default  reduce using rule 184 (dml_type)


State 26

  161 dml_type: LOCK .

    $default  reduce using rule 161 (dml_type)


State 27

  198 dml_simple_table_type: LOCKINGtoken .

    $default  reduce using rule 198 (dml_simple_table_type)


State 28

  197 dml_simple_table_type: LPAREN . dml_simple_table_type

    LOCKINGtoken  shift, and go to state 27
    LPAREN        shift, and go to state 28
    TABLE         shift, and go to state 54
    VALUES        shift, and go to state 55
    SELECTtoken   shift, and go to state 58
    UNLOAD        shift, and go to state 95

    dml_simple_table_type  go to state 117


State 29

    3 sqlci_cmd: MODE . SQL

    SQL  shift, and go to state 118


State 30

  168 dml_type: MODIFY .

    $default  reduce using rule 168 (dml_type)


State 31

  183 dml_type: MSCKtoken .

    $default  reduce using rule 183 (dml_type)


State 32

  174 dml_type: PURGEDATA .

    $default  reduce using rule 174 (dml_type)


State 33

  177 dml_type: POPULATE .

    $default  reduce using rule 177 (dml_type)


State 34

  178 dml_type: VALIDATEtoken .

    $default  reduce using rule 178 (dml_type)


State 35

  179 dml_type: REFRESH .

    $default  reduce using rule 179 (dml_type)


State 36

   39 sqlci_cmd: RESET . PARAM PARAM_NAME
   40          | RESET . SQ_LINUX_PATTERN PATTERN_NAME
   41          | RESET . reset_type_
  104 sql_cmd: RESET . PARSERFLAGS NUMBER
  105        | RESET . PARSERFLAGS

    PARAM             shift, and go to state 119
    PARSERFLAGS       shift, and go to state 120
    SQ_LINUX_PATTERN  shift, and go to state 121

    reset_type_  go to state 122


State 37

   17 sqlci_cmd: SETtoken . PARAM PARAM_NAME
   18          | SETtoken . SQ_LINUX_PATTERN PATTERN_NAME
   19          | SETtoken . PATTERN_AS_IS PATTERN_NAME
   20          | SETtoken . SHOWSHAPE ON
   21          | SETtoken . SHOWSHAPE OFF
   23          | SETtoken . SHOWSHAPE INFILE FILENAME $@3 OUTFILE FILENAME
   24          | SETtoken . STATISTICS OFF
   25          | SETtoken . STATISTICS ON
   26          | SETtoken . STATISTICS PERTABLEtoken
   27          | SETtoken . STATISTICS PROGRESStoken
   28          | SETtoken . STATISTICS DEFAULTtoken
   29          | SETtoken . STATISTICS ALLtoken
   30          | SETtoken . STATISTICS ON COMMA GETtoken STATISTICS
   31          | SETtoken . STATISTICS ON COMMA GETtoken STATISTICS COMMA OPTIONStoken QUOTED_STRING
   32          | SETtoken . TERMINAL_CHARSET IDENTIFIER
   33          | SETtoken . ISO_MAPPING IDENTIFIER
   34          | SETtoken . DEFAULT_CHARSETtoken IDENTIFIER
   35          | SETtoken . INFER_CHARSET NUMBER
   36          | SETtoken . INFER_CHARSET IDENTIFIER
   37          | SETtoken . INFER_CHARSET ON
   38          | SETtoken . INFER_CHARSET OFF
  103 sql_cmd: SETtoken . PARSERFLAGS NUMBER
  115 dml_type: SETtoken . CATALOG
  116         | SETtoken . SCHEMA
  117         | SETtoken . HIVEtoken
  118         | SETtoken . MPLOC
  119         | SETtoken . NAMETYPE
  120         | SETtoken . SESSIONtoken

    DEFAULT_CHARSETtoken  shift, and go to state 123
    INFER_CHARSET         shift, and go to state 124
    ISO_MAPPING           shift, and go to state 125
    PARAM                 shift, and go to state 126
    PARSERFLAGS           shift, and go to state 127
    SQ_LINUX_PATTERN      shift, and go to state 128
    PATTERN_AS_IS         shift, and go to state 129
    SHOWSHAPE             shift, and go to state 130
    STATISTICS            shift, and go to state 131
    TERMINAL_CHARSET      shift, and go to state 132
    SESSIONtoken          shift, and go to state 133
    CATALOG               shift, and go to state 134
    SCHEMA                shift, and go to state 135
    HIVEtoken             shift, and go to state 136
    MPLOC                 shift, and go to state 137
    NAMETYPE              shift, and go to state 138


State 38

  102 sql_cmd: SHOW . ENVVARtoken
  146 dml_type: SHOW .
  157         | SHOW . CACHE

    CACHE        shift, and go to state 139
    ENVVARtoken  shift, and go to state 140

    $default  reduce using rule 146 (dml_type)


State 39

  147 dml_type: SHOWCONTROL .

    $default  reduce using rule 147 (dml_type)


State 40

  149 dml_type: SHOWINFO .

    $default  reduce using rule 149 (dml_type)


State 41

  150 dml_type: SHOWDDL .

    $default  reduce using rule 150 (dml_type)


State 42

  158 dml_type: SHOWPLAN .

    $default  reduce using rule 158 (dml_type)


State 43

  159 dml_type: SHOWSHAPE .

    $default  reduce using rule 159 (dml_type)


State 44

  160 dml_type: SHOWSET .

    $default  reduce using rule 160 (dml_type)


State 45

   43 sqlci_cmd: SLEEPtoken . NUMBER

    NUMBER  shift, and go to state 141


State 46

  166 dml_type: SET_TABLEtoken .

    $default  reduce using rule 166 (dml_type)


State 47

  167 dml_type: SET_TRANSACTIONtoken .

    $default  reduce using rule 167 (dml_type)


State 48

  180 dml_type: TRANSFORM .

    $default  reduce using rule 180 (dml_type)


State 49

  175 dml_type: TRUNCATE .

    $default  reduce using rule 175 (dml_type)


State 50

  176 dml_type: WITH .

    $default  reduce using rule 176 (dml_type)


State 51

  162 dml_type: UNLOCK .

    $default  reduce using rule 162 (dml_type)


State 52

  131 dml_type: UPD_STATS .

    $default  reduce using rule 131 (dml_type)


State 53

  132 dml_type: UPD_HIST_STATS .

    $default  reduce using rule 132 (dml_type)


State 54

  195 dml_simple_table_type: TABLE .

    $default  reduce using rule 195 (dml_simple_table_type)


State 55

  196 dml_simple_table_type: VALUES .

    $default  reduce using rule 196 (dml_simple_table_type)


State 56

   42 sqlci_cmd: WAITtoken .

    $default  reduce using rule 42 (sqlci_cmd)


State 57

    5 sqlci_cmd: LOG . IDENTIFIER commands_only $@1 CLEAR
    6          | LOG . IDENTIFIER commands_only
    8          | LOG . FILENAME commands_only $@2 CLEAR
    9          | LOG . FILENAME commands_only
   10          | LOG .

    IDENTIFIER  shift, and go to state 142
    FILENAME    shift, and go to state 143

    $default  reduce using rule 10 (sqlci_cmd)


State 58

  194 dml_simple_table_type: SELECTtoken .

    $default  reduce using rule 194 (dml_simple_table_type)


State 59

  121 dml_type: UPDATEtoken .

    $default  reduce using rule 121 (dml_type)


State 60

  122 dml_type: INSERTtoken .

    $default  reduce using rule 122 (dml_type)


State 61

  125 dml_type: DELETEtoken .

    $default  reduce using rule 125 (dml_type)


State 62

  123 dml_type: UPSERTtoken .

    $default  reduce using rule 123 (dml_type)


State 63

  124 dml_type: ROWSETtoken .

    $default  reduce using rule 124 (dml_type)


State 64

  127 dml_type: CREATE .

    $default  reduce using rule 127 (dml_type)


State 65

  128 dml_type: ALTER .

    $default  reduce using rule 128 (dml_type)


State 66

  130 dml_type: DROP .

    $default  reduce using rule 130 (dml_type)


State 67

   71 sql_cmd: PREPAREtoken . IDENTIFIER $@8 FROM $@9 dml_type

    IDENTIFIER  shift, and go to state 144


State 68

   73 sql_cmd: EXECUTEtoken . IDENTIFIER
   75        | EXECUTEtoken . IDENTIFIER $@10 USING
   76        | EXECUTEtoken .

    IDENTIFIER  shift, and go to state 145

    $default  reduce using rule 76 (sql_cmd)


State 69

   61 sql_cmd: DECLAREtoken . IDENTIFIER $@4 CURSORWITH HOLD FORtoken $@5 dml_simple_table_type
   64        | DECLAREtoken . IDENTIFIER $@6 CURSORtoken FORtoken $@7 cursor_info

    IDENTIFIER  shift, and go to state 146


State 70

   65 sql_cmd: OPENtoken . IDENTIFIER

    IDENTIFIER  shift, and go to state 147


State 71

   67 sql_cmd: CLOSEtoken . IDENTIFIER

    IDENTIFIER  shift, and go to state 148


State 72

   66 sql_cmd: FETCHtoken . IDENTIFIER

    IDENTIFIER  shift, and go to state 149


State 73

   68 sql_cmd: DEALLOCtoken . IDENTIFIER

    IDENTIFIER  shift, and go to state 150


State 74

  163 dml_type: TOK_BEGIN .

    $default  reduce using rule 163 (dml_type)


State 75

  164 dml_type: COMMIT .

    $default  reduce using rule 164 (dml_type)


State 76

  165 dml_type: ROLLBACK .

    $default  reduce using rule 165 (dml_type)


State 77

  137 dml_type: GRANTtoken .

    $default  reduce using rule 137 (dml_type)


State 78

  138 dml_type: REVOKEtoken .

    $default  reduce using rule 138 (dml_type)


State 79

  139 dml_type: REGISTER .

    $default  reduce using rule 139 (dml_type)


State 80

  140 dml_type: UNREGISTER .

    $default  reduce using rule 140 (dml_type)


State 81

  136 dml_type: GIVE .

    $default  reduce using rule 136 (dml_type)


State 82

  134 dml_type: INITIALIZE .

    $default  reduce using rule 134 (dml_type)


State 83

  135 dml_type: REINITIALIZE .

    $default  reduce using rule 135 (dml_type)


State 84

  190 dml_type: PROCESStoken .

    $default  reduce using rule 190 (dml_type)


State 85

  169 dml_type: IF .

    $default  reduce using rule 169 (dml_type)


State 86

  170 dml_type: WHILE .

    $default  reduce using rule 170 (dml_type)


State 87

  171 dml_type: SIGNAL .

    $default  reduce using rule 171 (dml_type)


State 88

  141 dml_type: BACKUP .

    $default  reduce using rule 141 (dml_type)


State 89

  142 dml_type: RESTORE .

    $default  reduce using rule 142 (dml_type)


State 90

  143 dml_type: DUMP .

    $default  reduce using rule 143 (dml_type)


State 91

  144 dml_type: EXPORTtoken .

    $default  reduce using rule 144 (dml_type)


State 92

  145 dml_type: IMPORTtoken .

    $default  reduce using rule 145 (dml_type)


State 93

  172 dml_type: INTERNAL .

    $default  reduce using rule 172 (dml_type)


State 94

  173 dml_type: MVLOG .

    $default  reduce using rule 173 (dml_type)


State 95

  199 dml_simple_table_type: UNLOAD .

    $default  reduce using rule 199 (dml_simple_table_type)


State 96

  181 dml_type: CALLToken .

    $default  reduce using rule 181 (dml_type)


State 97

  191 dml_type: COMMENTtoken .

    $default  reduce using rule 191 (dml_type)


State 98

  189 dml_type: CHECK .

    $default  reduce using rule 189 (dml_type)


State 99

  192 dml_type: TOK_SAVEPOINT .

    $default  reduce using rule 192 (dml_type)


State 100

  193 dml_type: TOK_RELEASE .

    $default  reduce using rule 193 (dml_type)


State 101

    0 $accept: statement . $end

    $end  shift, and go to state 151


State 102

    1 statement: sqlci_cmd .

    $default  reduce using rule 1 (statement)


State 103

    2 statement: sql_cmd .

    $default  reduce using rule 2 (statement)


State 104

   58 sql_cmd: dml_type .

    $default  reduce using rule 58 (sql_cmd)


State 105

  112 dml_type: dml_simple_table_type .

    $default  reduce using rule 112 (dml_type)


State 106

   72 sql_cmd: DESCRIBEToken STATEMENTtoken . IDENTIFIER

    IDENTIFIER  shift, and go to state 152


State 107

   12 sqlci_cmd: ERRORtoken NUMBER .
   13          | ERRORtoken NUMBER . COMMA BRIEF
   14          | ERRORtoken NUMBER . COMMA DETAIL
  106 sql_cmd: ERRORtoken NUMBER . COMMA GETtoken

    COMMA  shift, and go to state 153

    $default  reduce using rule 12 (sqlci_cmd)


State 108

   15 sqlci_cmd: SUBERRORtoken HBASEtoken . NUMBER

    NUMBER  shift, and go to state 154


State 109

   16 sqlci_cmd: SUBERRORtoken TMtoken . NUMBER

    NUMBER  shift, and go to state 155


State 110

   98 sql_cmd: DISPLAY $@21 . dml_type

    DESCRIBEToken         shift, and go to state 156
    CLEANUP               shift, and go to state 2
    CONTROL               shift, and go to state 3
    OSIM                  shift, and go to state 4
    DESC                  shift, and go to state 7
    DESCRIBE              shift, and go to state 8
    EXPLAIN               shift, and go to state 13
    GENERATEtoken         shift, and go to state 14
    MERGEtoken            shift, and go to state 15
    METADATAtoken         shift, and go to state 16
    REPLICATEtoken        shift, and go to state 17
    GETtoken              shift, and go to state 157
    SHOWENV               shift, and go to state 20
    SHOWSTATS             shift, and go to state 21
    SHOWTRANSACTION       shift, and go to state 22
    INVOKE                shift, and go to state 23
    LOADtoken             shift, and go to state 24
    EXTRACTtoken          shift, and go to state 25
    LOCK                  shift, and go to state 26
    LOCKINGtoken          shift, and go to state 27
    LPAREN                shift, and go to state 28
    MODIFY                shift, and go to state 30
    MSCKtoken             shift, and go to state 31
    PURGEDATA             shift, and go to state 32
    POPULATE              shift, and go to state 33
    VALIDATEtoken         shift, and go to state 34
    REFRESH               shift, and go to state 35
    SETtoken              shift, and go to state 158
    SHOW                  shift, and go to state 159
    SHOWCONTROL           shift, and go to state 39
    SHOWINFO              shift, and go to state 40
    SHOWDDL               shift, and go to state 41
    SHOWPLAN              shift, and go to state 42
    SHOWSHAPE             shift, and go to state 43
    SHOWSET               shift, and go to state 44
    SET_TABLEtoken        shift, and go to state 46
    SET_TRANSACTIONtoken  shift, and go to state 47
    TRANSFORM             shift, and go to state 48
    TRUNCATE              shift, and go to state 49
    WITH                  shift, and go to state 50
    UNLOCK                shift, and go to state 51
    UPD_STATS             shift, and go to state 52
    UPD_HIST_STATS        shift, and go to state 53
    TABLE                 shift, and go to state 54
    VALUES                shift, and go to state 55
    SELECTtoken           shift, and go to state 58
    UPDATEtoken           shift, and go to state 59
    INSERTtoken           shift, and go to state 60
    DELETEtoken           shift, and go to state 61
    UPSERTtoken           shift, and go to state 62
    ROWSETtoken           shift, and go to state 63
    CREATE                shift, and go to state 64
    ALTER                 shift, and go to state 65
    DROP                  shift, and go to state 66
    TOK_BEGIN             shift, and go to state 74
    COMMIT                shift, and go to state 75
    ROLLBACK              shift, and go to state 76
    GRANTtoken            shift, and go to state 77
    REVOKEtoken           shift, and go to state 78
    REGISTER              shift, and go to state 79
    UNREGISTER            shift, and go to state 80
    GIVE                  shift, and go to state 81
    INITIALIZE            shift, and go to state 82
    REINITIALIZE          shift, and go to state 83
    PROCESStoken          shift, and go to state 84
    IF                    shift, and go to state 85
    WHILE                 shift, and go to state 86
    SIGNAL                shift, and go to state 87
    BACKUP                shift, and go to state 88
    RESTORE               shift, and go to state 89
    DUMP                  shift, and go to state 90
    EXPORTtoken           shift, and go to state 91
    IMPORTtoken           shift, and go to state 92
    INTERNAL              shift, and go to state 93
    MVLOG                 shift, and go to state 94
    UNLOAD                shift, and go to state 95
    CALLToken             shift, and go to state 96
    COMMENTtoken          shift, and go to state 97
    CHECK                 shift, and go to state 98
    TOK_SAVEPOINT         shift, and go to state 99
    TOK_RELEASE           shift, and go to state 100

    dml_type               go to state 160
    dml_simple_table_type  go to state 105


State 111

   84 sql_cmd: DISPLAY_STATISTICS FORtoken . CPU NUMBER $@11 stats_active_clause $@12 stats_merge_clause
   87        | DISPLAY_STATISTICS FORtoken . CPU CPU_VALUE $@13 stats_active_clause $@14 stats_merge_clause
   91        | DISPLAY_STATISTICS FORtoken . PID NUMBER $@15 COMMA NUMBER $@16 stats_active_clause $@17 stats_merge_clause
   94        | DISPLAY_STATISTICS FORtoken . PID PID_VALUE $@18 stats_active_clause $@19 stats_merge_clause
   96        | DISPLAY_STATISTICS FORtoken . QID qid_identifier $@20 stats_merge_clause

    CPU  shift, and go to state 161
    PID  shift, and go to state 162
    QID  shift, and go to state 163


State 112

   81 sql_cmd: DISPLAY_STATISTICS IDENTIFIER .

    $default  reduce using rule 81 (sql_cmd)


State 113

  201 explain_options: OPTIONStoken . QUOTED_STRING

    QUOTED_STRING  shift, and go to state 164


State 114

  200 explain_options: empty .

    $default  reduce using rule 200 (explain_options)


State 115

   77 sql_cmd: DISPLAY_EXPLAIN explain_options . IDENTIFIER
   78        | DISPLAY_EXPLAIN explain_options . PROCEDUREtoken
   79        | DISPLAY_EXPLAIN explain_options . dml_type

    DESCRIBEToken         shift, and go to state 156
    CLEANUP               shift, and go to state 2
    CONTROL               shift, and go to state 3
    OSIM                  shift, and go to state 4
    DESC                  shift, and go to state 7
    DESCRIBE              shift, and go to state 8
    EXPLAIN               shift, and go to state 13
    GENERATEtoken         shift, and go to state 14
    MERGEtoken            shift, and go to state 15
    METADATAtoken         shift, and go to state 16
    REPLICATEtoken        shift, and go to state 17
    GETtoken              shift, and go to state 157
    SHOWENV               shift, and go to state 20
    SHOWSTATS             shift, and go to state 21
    SHOWTRANSACTION       shift, and go to state 22
    INVOKE                shift, and go to state 23
    LOADtoken             shift, and go to state 24
    EXTRACTtoken          shift, and go to state 25
    LOCK                  shift, and go to state 26
    LOCKINGtoken          shift, and go to state 27
    LPAREN                shift, and go to state 28
    MODIFY                shift, and go to state 30
    MSCKtoken             shift, and go to state 31
    PROCEDUREtoken        shift, and go to state 165
    PURGEDATA             shift, and go to state 32
    POPULATE              shift, and go to state 33
    VALIDATEtoken         shift, and go to state 34
    REFRESH               shift, and go to state 35
    SETtoken              shift, and go to state 158
    SHOW                  shift, and go to state 159
    SHOWCONTROL           shift, and go to state 39
    SHOWINFO              shift, and go to state 40
    SHOWDDL               shift, and go to state 41
    SHOWPLAN              shift, and go to state 42
    SHOWSHAPE             shift, and go to state 43
    SHOWSET               shift, and go to state 44
    SET_TABLEtoken        shift, and go to state 46
    SET_TRANSACTIONtoken  shift, and go to state 47
    TRANSFORM             shift, and go to state 48
    TRUNCATE              shift, and go to state 49
    WITH                  shift, and go to state 50
    UNLOCK                shift, and go to state 51
    UPD_STATS             shift, and go to state 52
    UPD_HIST_STATS        shift, and go to state 53
    TABLE                 shift, and go to state 54
    VALUES                shift, and go to state 55
    SELECTtoken           shift, and go to state 58
    UPDATEtoken           shift, and go to state 59
    INSERTtoken           shift, and go to state 60
    DELETEtoken           shift, and go to state 61
    UPSERTtoken           shift, and go to state 62
    ROWSETtoken           shift, and go to state 63
    CREATE                shift, and go to state 64
    ALTER                 shift, and go to state 65
    DROP                  shift, and go to state 66
    TOK_BEGIN             shift, and go to state 74
    COMMIT                shift, and go to state 75
    ROLLBACK              shift, and go to state 76
    IDENTIFIER            shift, and go to state 166
    GRANTtoken            shift, and go to state 77
    REVOKEtoken           shift, and go to state 78
    REGISTER              shift, and go to state 79
    UNREGISTER            shift, and go to state 80
    GIVE                  shift, and go to state 81
    INITIALIZE            shift, and go to state 82
    REINITIALIZE          shift, and go to state 83
    PROCESStoken          shift, and go to state 84
    IF                    shift, and go to state 85
    WHILE                 shift, and go to state 86
    SIGNAL                shift, and go to state 87
    BACKUP                shift, and go to state 88
    RESTORE               shift, and go to state 89
    DUMP                  shift, and go to state 90
    EXPORTtoken           shift, and go to state 91
    IMPORTtoken           shift, and go to state 92
    INTERNAL              shift, and go to state 93
    MVLOG                 shift, and go to state 94
    UNLOAD                shift, and go to state 95
    CALLToken             shift, and go to state 96
    COMMENTtoken          shift, and go to state 97
    CHECK                 shift, and go to state 98
    TOK_SAVEPOINT         shift, and go to state 99
    TOK_RELEASE           shift, and go to state 100

    dml_type               go to state 167
    dml_simple_table_type  go to state 105


State 116

  101 sql_cmd: GETtoken UIDtoken .

    $default  reduce using rule 101 (sql_cmd)


State 117

  197 dml_simple_table_type: LPAREN dml_simple_table_type .

    $default  reduce using rule 197 (dml_simple_table_type)


State 118

    3 sqlci_cmd: MODE SQL .

    $default  reduce using rule 3 (sqlci_cmd)


State 119

   39 sqlci_cmd: RESET PARAM . PARAM_NAME
   47 reset_type_: PARAM .

    PARAM_NAME  shift, and go to state 168

    $default  reduce using rule 47 (reset_type_)


State 120

  104 sql_cmd: RESET PARSERFLAGS . NUMBER
  105        | RESET PARSERFLAGS .

    NUMBER  shift, and go to state 169

    $default  reduce using rule 105 (sql_cmd)


State 121

   40 sqlci_cmd: RESET SQ_LINUX_PATTERN . PATTERN_NAME

    PATTERN_NAME  shift, and go to state 170


State 122

   41 sqlci_cmd: RESET reset_type_ .

    $default  reduce using rule 41 (sqlci_cmd)


State 123

   34 sqlci_cmd: SETtoken DEFAULT_CHARSETtoken . IDENTIFIER

    IDENTIFIER  shift, and go to state 171


State 124

   35 sqlci_cmd: SETtoken INFER_CHARSET . NUMBER
   36          | SETtoken INFER_CHARSET . IDENTIFIER
   37          | SETtoken INFER_CHARSET . ON
   38          | SETtoken INFER_CHARSET . OFF

    OFF         shift, and go to state 172
    ON          shift, and go to state 173
    IDENTIFIER  shift, and go to state 174
    NUMBER      shift, and go to state 175


State 125

   33 sqlci_cmd: SETtoken ISO_MAPPING . IDENTIFIER

    IDENTIFIER  shift, and go to state 176


State 126

   17 sqlci_cmd: SETtoken PARAM . PARAM_NAME

    PARAM_NAME  shift, and go to state 177


State 127

  103 sql_cmd: SETtoken PARSERFLAGS . NUMBER

    NUMBER  shift, and go to state 178


State 128

   18 sqlci_cmd: SETtoken SQ_LINUX_PATTERN . PATTERN_NAME

    PATTERN_NAME  shift, and go to state 179


State 129

   19 sqlci_cmd: SETtoken PATTERN_AS_IS . PATTERN_NAME

    PATTERN_NAME  shift, and go to state 180


State 130

   20 sqlci_cmd: SETtoken SHOWSHAPE . ON
   21          | SETtoken SHOWSHAPE . OFF
   23          | SETtoken SHOWSHAPE . INFILE FILENAME $@3 OUTFILE FILENAME

    INFILE  shift, and go to state 181
    OFF     shift, and go to state 182
    ON      shift, and go to state 183


State 131

   24 sqlci_cmd: SETtoken STATISTICS . OFF
   25          | SETtoken STATISTICS . ON
   26          | SETtoken STATISTICS . PERTABLEtoken
   27          | SETtoken STATISTICS . PROGRESStoken
   28          | SETtoken STATISTICS . DEFAULTtoken
   29          | SETtoken STATISTICS . ALLtoken
   30          | SETtoken STATISTICS . ON COMMA GETtoken STATISTICS
   31          | SETtoken STATISTICS . ON COMMA GETtoken STATISTICS COMMA OPTIONStoken QUOTED_STRING

    ALLtoken       shift, and go to state 184
    DEFAULTtoken   shift, and go to state 185
    OFF            shift, and go to state 186
    ON             shift, and go to state 187
    PERTABLEtoken  shift, and go to state 188
    PROGRESStoken  shift, and go to state 189


State 132

   32 sqlci_cmd: SETtoken TERMINAL_CHARSET . IDENTIFIER

    IDENTIFIER  shift, and go to state 190


State 133

  120 dml_type: SETtoken SESSIONtoken .

    $default  reduce using rule 120 (dml_type)


State 134

  115 dml_type: SETtoken CATALOG .

    $default  reduce using rule 115 (dml_type)


State 135

  116 dml_type: SETtoken SCHEMA .

    $default  reduce using rule 116 (dml_type)


State 136

  117 dml_type: SETtoken HIVEtoken .

    $default  reduce using rule 117 (dml_type)


State 137

  118 dml_type: SETtoken MPLOC .

    $default  reduce using rule 118 (dml_type)


State 138

  119 dml_type: SETtoken NAMETYPE .

    $default  reduce using rule 119 (dml_type)


State 139

  157 dml_type: SHOW CACHE .

    $default  reduce using rule 157 (dml_type)


State 140

  102 sql_cmd: SHOW ENVVARtoken .

    $default  reduce using rule 102 (sql_cmd)


State 141

   43 sqlci_cmd: SLEEPtoken NUMBER .

    $default  reduce using rule 43 (sqlci_cmd)


State 142

    5 sqlci_cmd: LOG IDENTIFIER . commands_only $@1 CLEAR
    6          | LOG IDENTIFIER . commands_only

    COMMANDStoken  shift, and go to state 191

    $default  reduce using rule 46 (empty)

    commands_only  go to state 192
    empty          go to state 193


State 143

    8 sqlci_cmd: LOG FILENAME . commands_only $@2 CLEAR
    9          | LOG FILENAME . commands_only

    COMMANDStoken  shift, and go to state 191

    $default  reduce using rule 46 (empty)

    commands_only  go to state 194
    empty          go to state 193


State 144

   71 sql_cmd: PREPAREtoken IDENTIFIER . $@8 FROM $@9 dml_type

    $default  reduce using rule 69 ($@8)

    $@8  go to state 195


State 145

   73 sql_cmd: EXECUTEtoken IDENTIFIER .
   75        | EXECUTEtoken IDENTIFIER . $@10 USING

    USING     reduce using rule 74 ($@10)
    $default  reduce using rule 73 (sql_cmd)

    $@10  go to state 196


State 146

   61 sql_cmd: DECLAREtoken IDENTIFIER . $@4 CURSORWITH HOLD FORtoken $@5 dml_simple_table_type
   64        | DECLAREtoken IDENTIFIER . $@6 CURSORtoken FORtoken $@7 cursor_info

    CURSORtoken  reduce using rule 62 ($@6)
    $default     reduce using rule 59 ($@4)

    $@4  go to state 197
    $@6  go to state 198


State 147

   65 sql_cmd: OPENtoken IDENTIFIER .

    $default  reduce using rule 65 (sql_cmd)


State 148

   67 sql_cmd: CLOSEtoken IDENTIFIER .

    $default  reduce using rule 67 (sql_cmd)


State 149

   66 sql_cmd: FETCHtoken IDENTIFIER .

    $default  reduce using rule 66 (sql_cmd)


State 150

   68 sql_cmd: DEALLOCtoken IDENTIFIER .

    $default  reduce using rule 68 (sql_cmd)


State 151

    0 $accept: statement $end .

    $default  accept


State 152

   72 sql_cmd: DESCRIBEToken STATEMENTtoken IDENTIFIER .

    $default  reduce using rule 72 (sql_cmd)


State 153

   13 sqlci_cmd: ERRORtoken NUMBER COMMA . BRIEF
   14          | ERRORtoken NUMBER COMMA . DETAIL
  106 sql_cmd: ERRORtoken NUMBER COMMA . GETtoken

    BRIEF     shift, and go to state 199
    DETAIL    shift, and go to state 200
    GETtoken  shift, and go to state 201


State 154

   15 sqlci_cmd: SUBERRORtoken HBASEtoken NUMBER .

    $default  reduce using rule 15 (sqlci_cmd)


State 155

   16 sqlci_cmd: SUBERRORtoken TMtoken NUMBER .

    $default  reduce using rule 16 (sqlci_cmd)


State 156

  151 dml_type: DESCRIBEToken .

    $default  reduce using rule 151 (dml_type)


State 157

  188 dml_type: GETtoken .

    $default  reduce using rule 188 (dml_type)


State 158

  115 dml_type: SETtoken . CATALOG
  116         | SETtoken . SCHEMA
  117         | SETtoken . HIVEtoken
  118         | SETtoken . MPLOC
  119         | SETtoken . NAMETYPE
  120         | SETtoken . SESSIONtoken

    SESSIONtoken  shift, and go to state 133
    CATALOG       shift, and go to state 134
    SCHEMA        shift, and go to state 135
    HIVEtoken     shift, and go to state 136
    MPLOC         shift, and go to state 137
    NAMETYPE      shift, and go to state 138


State 159

  146 dml_type: SHOW .
  157         | SHOW . CACHE

    CACHE  shift, and go to state 139

    $default  reduce using rule 146 (dml_type)


State 160

   98 sql_cmd: DISPLAY $@21 dml_type .

    $default  reduce using rule 98 (sql_cmd)


State 161

   84 sql_cmd: DISPLAY_STATISTICS FORtoken CPU . NUMBER $@11 stats_active_clause $@12 stats_merge_clause
   87        | DISPLAY_STATISTICS FORtoken CPU . CPU_VALUE $@13 stats_active_clause $@14 stats_merge_clause

    CPU_VALUE  shift, and go to state 202
    NUMBER     shift, and go to state 203


State 162

   91 sql_cmd: DISPLAY_STATISTICS FORtoken PID . NUMBER $@15 COMMA NUMBER $@16 stats_active_clause $@17 stats_merge_clause
   94        | DISPLAY_STATISTICS FORtoken PID . PID_VALUE $@18 stats_active_clause $@19 stats_merge_clause

    PID_VALUE  shift, and go to state 204
    NUMBER     shift, and go to state 205


State 163

   96 sql_cmd: DISPLAY_STATISTICS FORtoken QID . qid_identifier $@20 stats_merge_clause

    IDENTIFIER      shift, and go to state 206
    DQUOTED_STRING  shift, and go to state 207

    qid_identifier  go to state 208


State 164

  201 explain_options: OPTIONStoken QUOTED_STRING .

    $default  reduce using rule 201 (explain_options)


State 165

   78 sql_cmd: DISPLAY_EXPLAIN explain_options PROCEDUREtoken .

    $default  reduce using rule 78 (sql_cmd)


State 166

   77 sql_cmd: DISPLAY_EXPLAIN explain_options IDENTIFIER .

    $default  reduce using rule 77 (sql_cmd)


State 167

   79 sql_cmd: DISPLAY_EXPLAIN explain_options dml_type .

    $default  reduce using rule 79 (sql_cmd)


State 168

   39 sqlci_cmd: RESET PARAM PARAM_NAME .

    $default  reduce using rule 39 (sqlci_cmd)


State 169

  104 sql_cmd: RESET PARSERFLAGS NUMBER .

    $default  reduce using rule 104 (sql_cmd)


State 170

   40 sqlci_cmd: RESET SQ_LINUX_PATTERN PATTERN_NAME .

    $default  reduce using rule 40 (sqlci_cmd)


State 171

   34 sqlci_cmd: SETtoken DEFAULT_CHARSETtoken IDENTIFIER .

    $default  reduce using rule 34 (sqlci_cmd)


State 172

   38 sqlci_cmd: SETtoken INFER_CHARSET OFF .

    $default  reduce using rule 38 (sqlci_cmd)


State 173

   37 sqlci_cmd: SETtoken INFER_CHARSET ON .

    $default  reduce using rule 37 (sqlci_cmd)


State 174

   36 sqlci_cmd: SETtoken INFER_CHARSET IDENTIFIER .

    $default  reduce using rule 36 (sqlci_cmd)


State 175

   35 sqlci_cmd: SETtoken INFER_CHARSET NUMBER .

    $default  reduce using rule 35 (sqlci_cmd)


State 176

   33 sqlci_cmd: SETtoken ISO_MAPPING IDENTIFIER .

    $default  reduce using rule 33 (sqlci_cmd)


State 177

   17 sqlci_cmd: SETtoken PARAM PARAM_NAME .

    $default  reduce using rule 17 (sqlci_cmd)


State 178

  103 sql_cmd: SETtoken PARSERFLAGS NUMBER .

    $default  reduce using rule 103 (sql_cmd)


State 179

   18 sqlci_cmd: SETtoken SQ_LINUX_PATTERN PATTERN_NAME .

    $default  reduce using rule 18 (sqlci_cmd)


State 180

   19 sqlci_cmd: SETtoken PATTERN_AS_IS PATTERN_NAME .

    $default  reduce using rule 19 (sqlci_cmd)


State 181

   23 sqlci_cmd: SETtoken SHOWSHAPE INFILE . FILENAME $@3 OUTFILE FILENAME

    FILENAME  shift, and go to state 209


State 182

   21 sqlci_cmd: SETtoken SHOWSHAPE OFF .

    $default  reduce using rule 21 (sqlci_cmd)


State 183

   20 sqlci_cmd: SETtoken SHOWSHAPE ON .

    $default  reduce using rule 20 (sqlci_cmd)


State 184

   29 sqlci_cmd: SETtoken STATISTICS ALLtoken .

    $default  reduce using rule 29 (sqlci_cmd)


State 185

   28 sqlci_cmd: SETtoken STATISTICS DEFAULTtoken .

    $default  reduce using rule 28 (sqlci_cmd)


State 186

   24 sqlci_cmd: SETtoken STATISTICS OFF .

    $default  reduce using rule 24 (sqlci_cmd)


State 187

   25 sqlci_cmd: SETtoken STATISTICS ON .
   30          | SETtoken STATISTICS ON . COMMA GETtoken STATISTICS
   31          | SETtoken STATISTICS ON . COMMA GETtoken STATISTICS COMMA OPTIONStoken QUOTED_STRING

    COMMA  shift, and go to state 210

    $default  reduce using rule 25 (sqlci_cmd)


State 188

   26 sqlci_cmd: SETtoken STATISTICS PERTABLEtoken .

    $default  reduce using rule 26 (sqlci_cmd)


State 189

   27 sqlci_cmd: SETtoken STATISTICS PROGRESStoken .

    $default  reduce using rule 27 (sqlci_cmd)


State 190

   32 sqlci_cmd: SETtoken TERMINAL_CHARSET IDENTIFIER .

    $default  reduce using rule 32 (sqlci_cmd)


State 191

   44 commands_only: COMMANDStoken .

    $default  reduce using rule 44 (commands_only)


State 192

    5 sqlci_cmd: LOG IDENTIFIER commands_only . $@1 CLEAR
    6          | LOG IDENTIFIER commands_only .

    $end      reduce using rule 6 (sqlci_cmd)
    $default  reduce using rule 4 ($@1)

    $@1  go to state 211


State 193

   45 commands_only: empty .

    $default  reduce using rule 45 (commands_only)


State 194

    8 sqlci_cmd: LOG FILENAME commands_only . $@2 CLEAR
    9          | LOG FILENAME commands_only .

    $end      reduce using rule 9 (sqlci_cmd)
    $default  reduce using rule 7 ($@2)

    $@2  go to state 212


State 195

   71 sql_cmd: PREPAREtoken IDENTIFIER $@8 . FROM $@9 dml_type

    FROM  shift, and go to state 213


State 196

   75 sql_cmd: EXECUTEtoken IDENTIFIER $@10 . USING

    USING  shift, and go to state 214


State 197

   61 sql_cmd: DECLAREtoken IDENTIFIER $@4 . CURSORWITH HOLD FORtoken $@5 dml_simple_table_type

    CURSORWITH  shift, and go to state 215


State 198

   64 sql_cmd: DECLAREtoken IDENTIFIER $@6 . CURSORtoken FORtoken $@7 cursor_info

    CURSORtoken  shift, and go to state 216


State 199

   13 sqlci_cmd: ERRORtoken NUMBER COMMA BRIEF .

    $default  reduce using rule 13 (sqlci_cmd)


State 200

   14 sqlci_cmd: ERRORtoken NUMBER COMMA DETAIL .

    $default  reduce using rule 14 (sqlci_cmd)


State 201

  106 sql_cmd: ERRORtoken NUMBER COMMA GETtoken .

    $default  reduce using rule 106 (sql_cmd)


State 202

   87 sql_cmd: DISPLAY_STATISTICS FORtoken CPU CPU_VALUE . $@13 stats_active_clause $@14 stats_merge_clause

    $default  reduce using rule 85 ($@13)

    $@13  go to state 217


State 203

   84 sql_cmd: DISPLAY_STATISTICS FORtoken CPU NUMBER . $@11 stats_active_clause $@12 stats_merge_clause

    $default  reduce using rule 82 ($@11)

    $@11  go to state 218


State 204

   94 sql_cmd: DISPLAY_STATISTICS FORtoken PID PID_VALUE . $@18 stats_active_clause $@19 stats_merge_clause

    $default  reduce using rule 92 ($@18)

    $@18  go to state 219


State 205

   91 sql_cmd: DISPLAY_STATISTICS FORtoken PID NUMBER . $@15 COMMA NUMBER $@16 stats_active_clause $@17 stats_merge_clause

    $default  reduce using rule 88 ($@15)

    $@15  go to state 220


State 206

   56 qid_identifier: IDENTIFIER .

    $default  reduce using rule 56 (qid_identifier)


State 207

   57 qid_identifier: DQUOTED_STRING .

    $default  reduce using rule 57 (qid_identifier)


State 208

   96 sql_cmd: DISPLAY_STATISTICS FORtoken QID qid_identifier . $@20 stats_merge_clause

    $default  reduce using rule 95 ($@20)

    $@20  go to state 221


State 209

   23 sqlci_cmd: SETtoken SHOWSHAPE INFILE FILENAME . $@3 OUTFILE FILENAME

    $default  reduce using rule 22 ($@3)

    $@3  go to state 222


State 210

   30 sqlci_cmd: SETtoken STATISTICS ON COMMA . GETtoken STATISTICS
   31          | SETtoken STATISTICS ON COMMA . GETtoken STATISTICS COMMA OPTIONStoken QUOTED_STRING

    GETtoken  shift, and go to state 223


State 211

    5 sqlci_cmd: LOG IDENTIFIER commands_only $@1 . CLEAR

    CLEAR  shift, and go to state 224


State 212

    8 sqlci_cmd: LOG FILENAME commands_only $@2 . CLEAR

    CLEAR  shift, and go to state 225


State 213

   71 sql_cmd: PREPAREtoken IDENTIFIER $@8 FROM . $@9 dml_type

    $default  reduce using rule 70 ($@9)

    $@9  go to state 226


State 214

   75 sql_cmd: EXECUTEtoken IDENTIFIER $@10 USING .

    $default  reduce using rule 75 (sql_cmd)


State 215

   61 sql_cmd: DECLAREtoken IDENTIFIER $@4 CURSORWITH . HOLD FORtoken $@5 dml_simple_table_type

    HOLD  shift, and go to state 227


State 216

   64 sql_cmd: DECLAREtoken IDENTIFIER $@6 CURSORtoken . FORtoken $@7 cursor_info

    FORtoken  shift, and go to state 228


State 217

   87 sql_cmd: DISPLAY_STATISTICS FORtoken CPU CPU_VALUE $@13 . stats_active_clause $@14 stats_merge_clause

    ALLtoken     shift, and go to state 229
    ACTIVEtoken  shift, and go to state 230

    $default  reduce using rule 46 (empty)

    empty                go to state 231
    stats_active_clause  go to state 232


State 218

   84 sql_cmd: DISPLAY_STATISTICS FORtoken CPU NUMBER $@11 . stats_active_clause $@12 stats_merge_clause

    ALLtoken     shift, and go to state 229
    ACTIVEtoken  shift, and go to state 230

    $default  reduce using rule 46 (empty)

    empty                go to state 231
    stats_active_clause  go to state 233


State 219

   94 sql_cmd: DISPLAY_STATISTICS FORtoken PID PID_VALUE $@18 . stats_active_clause $@19 stats_merge_clause

    ALLtoken     shift, and go to state 229
    ACTIVEtoken  shift, and go to state 230

    $default  reduce using rule 46 (empty)

    empty                go to state 231
    stats_active_clause  go to state 234


State 220

   91 sql_cmd: DISPLAY_STATISTICS FORtoken PID NUMBER $@15 . COMMA NUMBER $@16 stats_active_clause $@17 stats_merge_clause

    COMMA  shift, and go to state 235


State 221

   96 sql_cmd: DISPLAY_STATISTICS FORtoken QID qid_identifier $@20 . stats_merge_clause

    DEFAULTtoken      shift, and go to state 236
    ACCUMULATEDtoken  shift, and go to state 237
    PERTABLEtoken     shift, and go to state 238
    PROGRESStoken     shift, and go to state 239

    $default  reduce using rule 46 (empty)

    empty               go to state 240
    stats_merge_clause  go to state 241


State 222

   23 sqlci_cmd: SETtoken SHOWSHAPE INFILE FILENAME $@3 . OUTFILE FILENAME

    OUTFILE  shift, and go to state 242


State 223

   30 sqlci_cmd: SETtoken STATISTICS ON COMMA GETtoken . STATISTICS
   31          | SETtoken STATISTICS ON COMMA GETtoken . STATISTICS COMMA OPTIONStoken QUOTED_STRING

    STATISTICS  shift, and go to state 243


State 224

    5 sqlci_cmd: LOG IDENTIFIER commands_only $@1 CLEAR .

    $default  reduce using rule 5 (sqlci_cmd)


State 225

    8 sqlci_cmd: LOG FILENAME commands_only $@2 CLEAR .

    $default  reduce using rule 8 (sqlci_cmd)


State 226

   71 sql_cmd: PREPAREtoken IDENTIFIER $@8 FROM $@9 . dml_type

    DESCRIBEToken         shift, and go to state 156
    CLEANUP               shift, and go to state 2
    CONTROL               shift, and go to state 3
    OSIM                  shift, and go to state 4
    DESC                  shift, and go to state 7
    DESCRIBE              shift, and go to state 8
    EXPLAIN               shift, and go to state 13
    GENERATEtoken         shift, and go to state 14
    MERGEtoken            shift, and go to state 15
    METADATAtoken         shift, and go to state 16
    REPLICATEtoken        shift, and go to state 17
    GETtoken              shift, and go to state 157
    SHOWENV               shift, and go to state 20
    SHOWSTATS             shift, and go to state 21
    SHOWTRANSACTION       shift, and go to state 22
    INVOKE                shift, and go to state 23
    LOADtoken             shift, and go to state 24
    EXTRACTtoken          shift, and go to state 25
    LOCK                  shift, and go to state 26
    LOCKINGtoken          shift, and go to state 27
    LPAREN                shift, and go to state 28
    MODIFY                shift, and go to state 30
    MSCKtoken             shift, and go to state 31
    PURGEDATA             shift, and go to state 32
    POPULATE              shift, and go to state 33
    VALIDATEtoken         shift, and go to state 34
    REFRESH               shift, and go to state 35
    SETtoken              shift, and go to state 158
    SHOW                  shift, and go to state 159
    SHOWCONTROL           shift, and go to state 39
    SHOWINFO              shift, and go to state 40
    SHOWDDL               shift, and go to state 41
    SHOWPLAN              shift, and go to state 42
    SHOWSHAPE             shift, and go to state 43
    SHOWSET               shift, and go to state 44
    SET_TABLEtoken        shift, and go to state 46
    SET_TRANSACTIONtoken  shift, and go to state 47
    TRANSFORM             shift, and go to state 48
    TRUNCATE              shift, and go to state 49
    WITH                  shift, and go to state 50
    UNLOCK                shift, and go to state 51
    UPD_STATS             shift, and go to state 52
    UPD_HIST_STATS        shift, and go to state 53
    TABLE                 shift, and go to state 54
    VALUES                shift, and go to state 55
    SELECTtoken           shift, and go to state 58
    UPDATEtoken           shift, and go to state 59
    INSERTtoken           shift, and go to state 60
    DELETEtoken           shift, and go to state 61
    UPSERTtoken           shift, and go to state 62
    ROWSETtoken           shift, and go to state 63
    CREATE                shift, and go to state 64
    ALTER                 shift, and go to state 65
    DROP                  shift, and go to state 66
    TOK_BEGIN             shift, and go to state 74
    COMMIT                shift, and go to state 75
    ROLLBACK              shift, and go to state 76
    GRANTtoken            shift, and go to state 77
    REVOKEtoken           shift, and go to state 78
    REGISTER              shift, and go to state 79
    UNREGISTER            shift, and go to state 80
    GIVE                  shift, and go to state 81
    INITIALIZE            shift, and go to state 82
    REINITIALIZE          shift, and go to state 83
    PROCESStoken          shift, and go to state 84
    IF                    shift, and go to state 85
    WHILE                 shift, and go to state 86
    SIGNAL                shift, and go to state 87
    BACKUP                shift, and go to state 88
    RESTORE               shift, and go to state 89
    DUMP                  shift, and go to state 90
    EXPORTtoken           shift, and go to state 91
    IMPORTtoken           shift, and go to state 92
    INTERNAL              shift, and go to state 93
    MVLOG                 shift, and go to state 94
    UNLOAD                shift, and go to state 95
    CALLToken             shift, and go to state 96
    COMMENTtoken          shift, and go to state 97
    CHECK                 shift, and go to state 98
    TOK_SAVEPOINT         shift, and go to state 99
    TOK_RELEASE           shift, and go to state 100

    dml_type               go to state 244
    dml_simple_table_type  go to state 105


State 227

   61 sql_cmd: DECLAREtoken IDENTIFIER $@4 CURSORWITH HOLD . FORtoken $@5 dml_simple_table_type

    FORtoken  shift, and go to state 245


State 228

   64 sql_cmd: DECLAREtoken IDENTIFIER $@6 CURSORtoken FORtoken . $@7 cursor_info

    $default  reduce using rule 63 ($@7)

    $@7  go to state 246


State 229

   49 stats_active_clause: ALLtoken .

    $default  reduce using rule 49 (stats_active_clause)


State 230

   48 stats_active_clause: ACTIVEtoken . NUMBER

    NUMBER  shift, and go to state 247


State 231

   50 stats_active_clause: empty .

    $default  reduce using rule 50 (stats_active_clause)


State 232

   87 sql_cmd: DISPLAY_STATISTICS FORtoken CPU CPU_VALUE $@13 stats_active_clause . $@14 stats_merge_clause

    $default  reduce using rule 86 ($@14)

    $@14  go to state 248


State 233

   84 sql_cmd: DISPLAY_STATISTICS FORtoken CPU NUMBER $@11 stats_active_clause . $@12 stats_merge_clause

    $default  reduce using rule 83 ($@12)

    $@12  go to state 249


State 234

   94 sql_cmd: DISPLAY_STATISTICS FORtoken PID PID_VALUE $@18 stats_active_clause . $@19 stats_merge_clause

    $default  reduce using rule 93 ($@19)

    $@19  go to state 250


State 235

   91 sql_cmd: DISPLAY_STATISTICS FORtoken PID NUMBER $@15 COMMA . NUMBER $@16 stats_active_clause $@17 stats_merge_clause

    NUMBER  shift, and go to state 251


State 236

   54 stats_merge_clause: DEFAULTtoken .

    $default  reduce using rule 54 (stats_merge_clause)


State 237

   51 stats_merge_clause: ACCUMULATEDtoken .

    $default  reduce using rule 51 (stats_merge_clause)


State 238

   52 stats_merge_clause: PERTABLEtoken .

    $default  reduce using rule 52 (stats_merge_clause)


State 239

   53 stats_merge_clause: PROGRESStoken .

    $default  reduce using rule 53 (stats_merge_clause)


State 240

   55 stats_merge_clause: empty .

    $default  reduce using rule 55 (stats_merge_clause)


State 241

   96 sql_cmd: DISPLAY_STATISTICS FORtoken QID qid_identifier $@20 stats_merge_clause .

    $default  reduce using rule 96 (sql_cmd)


State 242

   23 sqlci_cmd: SETtoken SHOWSHAPE INFILE FILENAME $@3 OUTFILE . FILENAME

    FILENAME  shift, and go to state 252


State 243

   30 sqlci_cmd: SETtoken STATISTICS ON COMMA GETtoken STATISTICS .
   31          | SETtoken STATISTICS ON COMMA GETtoken STATISTICS . COMMA OPTIONStoken QUOTED_STRING

    COMMA  shift, and go to state 253

    $default  reduce using rule 30 (sqlci_cmd)


State 244

   71 sql_cmd: PREPAREtoken IDENTIFIER $@8 FROM $@9 dml_type .

    $default  reduce using rule 71 (sql_cmd)


State 245

   61 sql_cmd: DECLAREtoken IDENTIFIER $@4 CURSORWITH HOLD FORtoken . $@5 dml_simple_table_type

    $default  reduce using rule 60 ($@5)

    $@5  go to state 254


State 246

   64 sql_cmd: DECLAREtoken IDENTIFIER $@6 CURSORtoken FORtoken $@7 . cursor_info

    LOCKINGtoken  shift, and go to state 27
    LPAREN        shift, and go to state 28
    TABLE         shift, and go to state 54
    VALUES        shift, and go to state 55
    SELECTtoken   shift, and go to state 58
    IDENTIFIER    shift, and go to state 255
    UNLOAD        shift, and go to state 95

    cursor_info            go to state 256
    dml_simple_table_type  go to state 257


State 247

   48 stats_active_clause: ACTIVEtoken NUMBER .

    $default  reduce using rule 48 (stats_active_clause)


State 248

   87 sql_cmd: DISPLAY_STATISTICS FORtoken CPU CPU_VALUE $@13 stats_active_clause $@14 . stats_merge_clause

    DEFAULTtoken      shift, and go to state 236
    ACCUMULATEDtoken  shift, and go to state 237
    PERTABLEtoken     shift, and go to state 238
    PROGRESStoken     shift, and go to state 239

    $default  reduce using rule 46 (empty)

    empty               go to state 240
    stats_merge_clause  go to state 258


State 249

   84 sql_cmd: DISPLAY_STATISTICS FORtoken CPU NUMBER $@11 stats_active_clause $@12 . stats_merge_clause

    DEFAULTtoken      shift, and go to state 236
    ACCUMULATEDtoken  shift, and go to state 237
    PERTABLEtoken     shift, and go to state 238
    PROGRESStoken     shift, and go to state 239

    $default  reduce using rule 46 (empty)

    empty               go to state 240
    stats_merge_clause  go to state 259


State 250

   94 sql_cmd: DISPLAY_STATISTICS FORtoken PID PID_VALUE $@18 stats_active_clause $@19 . stats_merge_clause

    DEFAULTtoken      shift, and go to state 236
    ACCUMULATEDtoken  shift, and go to state 237
    PERTABLEtoken     shift, and go to state 238
    PROGRESStoken     shift, and go to state 239

    $default  reduce using rule 46 (empty)

    empty               go to state 240
    stats_merge_clause  go to state 260


State 251

   91 sql_cmd: DISPLAY_STATISTICS FORtoken PID NUMBER $@15 COMMA NUMBER . $@16 stats_active_clause $@17 stats_merge_clause

    $default  reduce using rule 89 ($@16)

    $@16  go to state 261


State 252

   23 sqlci_cmd: SETtoken SHOWSHAPE INFILE FILENAME $@3 OUTFILE FILENAME .

    $default  reduce using rule 23 (sqlci_cmd)


State 253

   31 sqlci_cmd: SETtoken STATISTICS ON COMMA GETtoken STATISTICS COMMA . OPTIONStoken QUOTED_STRING

    OPTIONStoken  shift, and go to state 262


State 254

   61 sql_cmd: DECLAREtoken IDENTIFIER $@4 CURSORWITH HOLD FORtoken $@5 . dml_simple_table_type

    LOCKINGtoken  shift, and go to state 27
    LPAREN        shift, and go to state 28
    TABLE         shift, and go to state 54
    VALUES        shift, and go to state 55
    SELECTtoken   shift, and go to state 58
    UNLOAD        shift, and go to state 95

    dml_simple_table_type  go to state 263


State 255

  111 cursor_info: IDENTIFIER . $@22 optional_rs_index

    $default  reduce using rule 110 ($@22)

    $@22  go to state 264


State 256

   64 sql_cmd: DECLAREtoken IDENTIFIER $@6 CURSORtoken FORtoken $@7 cursor_info .

    $default  reduce using rule 64 (sql_cmd)


State 257

  109 cursor_info: dml_simple_table_type .

    $default  reduce using rule 109 (cursor_info)


State 258

   87 sql_cmd: DISPLAY_STATISTICS FORtoken CPU CPU_VALUE $@13 stats_active_clause $@14 stats_merge_clause .

    $default  reduce using rule 87 (sql_cmd)


State 259

   84 sql_cmd: DISPLAY_STATISTICS FORtoken CPU NUMBER $@11 stats_active_clause $@12 stats_merge_clause .

    $default  reduce using rule 84 (sql_cmd)


State 260

   94 sql_cmd: DISPLAY_STATISTICS FORtoken PID PID_VALUE $@18 stats_active_clause $@19 stats_merge_clause .

    $default  reduce using rule 94 (sql_cmd)


State 261

   91 sql_cmd: DISPLAY_STATISTICS FORtoken PID NUMBER $@15 COMMA NUMBER $@16 . stats_active_clause $@17 stats_merge_clause

    ALLtoken     shift, and go to state 229
    ACTIVEtoken  shift, and go to state 230

    $default  reduce using rule 46 (empty)

    empty                go to state 231
    stats_active_clause  go to state 265


State 262

   31 sqlci_cmd: SETtoken STATISTICS ON COMMA GETtoken STATISTICS COMMA OPTIONStoken . QUOTED_STRING

    QUOTED_STRING  shift, and go to state 266


State 263

   61 sql_cmd: DECLAREtoken IDENTIFIER $@4 CURSORWITH HOLD FORtoken $@5 dml_simple_table_type .

    $default  reduce using rule 61 (sql_cmd)


State 264

  111 cursor_info: IDENTIFIER $@22 . optional_rs_index

    RESULT  shift, and go to state 267

    $default  reduce using rule 46 (empty)

    empty              go to state 268
    optional_rs_index  go to state 269


State 265

   91 sql_cmd: DISPLAY_STATISTICS FORtoken PID NUMBER $@15 COMMA NUMBER $@16 stats_active_clause . $@17 stats_merge_clause

    $default  reduce using rule 90 ($@17)

    $@17  go to state 270


State 266

   31 sqlci_cmd: SETtoken STATISTICS ON COMMA GETtoken STATISTICS COMMA OPTIONStoken QUOTED_STRING .

    $default  reduce using rule 31 (sqlci_cmd)


State 267

  108 optional_rs_index: RESULT . SETtoken NUMBER

    SETtoken  shift, and go to state 271


State 268

  107 optional_rs_index: empty .

    $default  reduce using rule 107 (optional_rs_index)


State 269

  111 cursor_info: IDENTIFIER $@22 optional_rs_index .

    $default  reduce using rule 111 (cursor_info)


State 270

   91 sql_cmd: DISPLAY_STATISTICS FORtoken PID NUMBER $@15 COMMA NUMBER $@16 stats_active_clause $@17 . stats_merge_clause

    DEFAULTtoken      shift, and go to state 236
    ACCUMULATEDtoken  shift, and go to state 237
    PERTABLEtoken     shift, and go to state 238
    PROGRESStoken     shift, and go to state 239

    $default  reduce using rule 46 (empty)

    empty               go to state 240
    stats_merge_clause  go to state 272


State 271

  108 optional_rs_index: RESULT SETtoken . NUMBER

    NUMBER  shift, and go to state 273


State 272

   91 sql_cmd: DISPLAY_STATISTICS FORtoken PID NUMBER $@15 COMMA NUMBER $@16 stats_active_clause $@17 stats_merge_clause .

    $default  reduce using rule 91 (sql_cmd)


State 273

  108 optional_rs_index: RESULT SETtoken NUMBER .

    $default  reduce using rule 108 (optional_rs_index)
